2021-01-08 15:22:03,224 INFO o.a.j.u.JMeterUtils: Setting Locale to en_EN
2021-01-08 15:22:03,258 INFO o.a.j.JMeter: Loading user properties from: /Users/athlonhd/apache-jmeter-5.3/bin/user.properties
2021-01-08 15:22:03,259 INFO o.a.j.JMeter: Loading system properties from: /Users/athlonhd/apache-jmeter-5.3/bin/system.properties
2021-01-08 15:22:03,261 INFO o.a.j.JMeter: Copyright (c) 1998-2020 The Apache Software Foundation
2021-01-08 15:22:03,261 INFO o.a.j.JMeter: Version 5.3
2021-01-08 15:22:03,261 INFO o.a.j.JMeter: java.version=14.0.2
2021-01-08 15:22:03,261 INFO o.a.j.JMeter: java.vm.name=Java HotSpot(TM) 64-Bit Server VM
2021-01-08 15:22:03,261 INFO o.a.j.JMeter: os.name=Mac OS X
2021-01-08 15:22:03,261 INFO o.a.j.JMeter: os.arch=x86_64
2021-01-08 15:22:03,262 INFO o.a.j.JMeter: os.version=10.16
2021-01-08 15:22:03,262 INFO o.a.j.JMeter: file.encoding=UTF-8
2021-01-08 15:22:03,262 INFO o.a.j.JMeter: java.awt.headless=null
2021-01-08 15:22:03,262 INFO o.a.j.JMeter: Max memory     =1073741824
2021-01-08 15:22:03,262 INFO o.a.j.JMeter: Available Processors =8
2021-01-08 15:22:03,275 INFO o.a.j.JMeter: Default Locale=English (EN)
2021-01-08 15:22:03,275 INFO o.a.j.JMeter: JMeter  Locale=English (EN)
2021-01-08 15:22:03,275 INFO o.a.j.JMeter: JMeterHome=/Users/athlonhd/apache-jmeter-5.3
2021-01-08 15:22:03,275 INFO o.a.j.JMeter: user.dir  =/Users/athlonhd/hdtoolkit
2021-01-08 15:22:03,275 INFO o.a.j.JMeter: PWD       =/Users/athlonhd/hdtoolkit
2021-01-08 15:22:03,278 INFO o.a.j.JMeter: IP: 127.0.0.1 Name: AthlonHDdeMacBook-Pro.local FullName: localhost
2021-01-08 15:22:03,838 INFO o.a.j.JMeter: Setting LAF to: com.github.weisj.darklaf.DarkLaf:com.github.weisj.darklaf.theme.DarculaTheme
2021-01-08 15:22:05,241 INFO o.a.j.JMeter: Loaded icon properties from org/apache/jmeter/images/icon.properties
